2023-11-23 20:58:48,414 - INFO - starting detection
2023-11-23 20:58:48,414 - INFO - starting get_image()
2023-11-23 20:58:48,414 - INFO - loaded tokens from file
2023-11-23 20:58:48,599 - INFO - loaded tokens from file
2023-11-23 20:58:49,135 - INFO - getting image from: http://136.169.144.8/1537240875/tracks-v1/index.fmp4.m3u8?token=4665d7ea45004c27b4a65cfaac9448cb
2023-11-23 20:58:49,754 - INFO - getting image from: http://136.169.144.3/1549021886/tracks-v1/index.fmp4.m3u8?token=64d03ff8c1a34b64a765e8f4da2d9178
2023-11-23 20:58:49,833 - INFO - get_image() -> True
2023-11-23 20:58:49,835 - INFO - status = ok
2023-11-23 20:58:49,835 - INFO - starting detection via YOLO
2023-11-23 20:58:58,452 - INFO - check_boxes() started
2023-11-23 20:58:58,461 - INFO - got parking coords
2023-11-23 20:58:58,475 - INFO - created result.jpg file
2023-11-23 20:58:58,756 - INFO - checking parking slots and cars
2023-11-23 20:58:59,180 - INFO - done checking
2023-11-23 20:58:59,227 - INFO - saved drawings to result.jpg
2023-11-23 20:58:59,228 - INFO - check_boxes() -> data
2023-11-23 20:58:59,228 - INFO - detection end, returned status, data
2023-11-23 20:59:02,841 - INFO - starting detection
2023-11-23 20:59:02,853 - INFO - starting get_image()
2023-11-23 20:59:02,860 - INFO - loaded tokens from file
2023-11-23 20:59:03,109 - INFO - loaded tokens from file
2023-11-23 20:59:07,262 - INFO - getting image from: http://136.169.144.8/1537240875/tracks-v1/index.fmp4.m3u8?token=4665d7ea45004c27b4a65cfaac9448cb
2023-11-23 20:59:35,077 - INFO - starting detection
2023-11-23 20:59:35,077 - INFO - starting get_image()
2023-11-23 20:59:35,078 - INFO - loaded tokens from file
2023-11-23 20:59:35,250 - INFO - loaded tokens from file
2023-11-23 20:59:35,831 - INFO - getting image from: http://136.169.144.8/1537240875/tracks-v1/index.fmp4.m3u8?token=4665d7ea45004c27b4a65cfaac9448cb
2023-11-23 20:59:36,452 - INFO - getting image from: http://136.169.144.3/1549021886/tracks-v1/index.fmp4.m3u8?token=64d03ff8c1a34b64a765e8f4da2d9178
2023-11-23 20:59:36,530 - INFO - get_image() -> True
2023-11-23 20:59:36,533 - INFO - status = ok
2023-11-23 20:59:36,533 - INFO - starting detection via YOLO
2023-11-23 20:59:39,833 - INFO - check_boxes() started
2023-11-23 20:59:39,836 - INFO - got parking coords
2023-11-23 20:59:39,851 - INFO - created result.jpg file
2023-11-23 21:00:15,340 - INFO - starting detection
2023-11-23 21:00:15,341 - INFO - starting get_image()
2023-11-23 21:00:15,343 - INFO - loaded tokens from file
2023-11-23 21:00:15,537 - INFO - loaded tokens from file
2023-11-23 21:00:16,093 - INFO - getting image from: http://136.169.144.8/1537240875/tracks-v1/index.fmp4.m3u8?token=4665d7ea45004c27b4a65cfaac9448cb
2023-11-23 21:00:16,718 - INFO - getting image from: http://136.169.144.3/1549021886/tracks-v1/index.fmp4.m3u8?token=64d03ff8c1a34b64a765e8f4da2d9178
2023-11-23 21:00:16,793 - INFO - get_image() -> True
2023-11-23 21:00:16,796 - INFO - status = ok
2023-11-23 21:00:16,796 - INFO - starting detection via YOLO
2023-11-23 21:00:20,262 - INFO - check_boxes() started
2023-11-23 21:00:20,271 - INFO - got parking coords
2023-11-23 21:00:20,298 - INFO - created result.jpg file
2023-11-23 21:02:22,487 - INFO - starting detection
2023-11-23 21:02:22,487 - INFO - starting get_image()
2023-11-23 21:02:22,488 - INFO - loaded tokens from file
2023-11-23 21:02:22,672 - INFO - loaded tokens from file
2023-11-23 21:02:23,221 - INFO - getting image from: http://136.169.144.8/1537240875/tracks-v1/index.fmp4.m3u8?token=4665d7ea45004c27b4a65cfaac9448cb
2023-11-23 21:02:23,833 - INFO - getting image from: http://136.169.144.3/1549021886/tracks-v1/index.fmp4.m3u8?token=64d03ff8c1a34b64a765e8f4da2d9178
2023-11-23 21:02:23,920 - INFO - get_image() -> True
2023-11-23 21:02:23,923 - INFO - status = ok
2023-11-23 21:02:23,923 - INFO - starting detection via YOLO
2023-11-23 21:02:27,755 - INFO - check_boxes() started
2023-11-23 21:02:27,761 - INFO - got parking coords
2023-11-23 21:02:27,794 - INFO - created result.jpg file
2023-11-23 21:02:27,973 - INFO - checking parking slots and cars
2023-11-23 21:02:28,284 - INFO - done checking
2023-11-23 21:02:28,336 - INFO - saved drawings to result.jpg
2023-11-23 21:02:28,337 - INFO - check_boxes() -> data
2023-11-23 21:02:28,338 - INFO - detection end, returned status, data
2023-11-23 21:02:34,528 - INFO - starting detection
2023-11-23 21:02:34,529 - INFO - starting get_image()
2023-11-23 21:02:34,530 - INFO - loaded tokens from file
2023-11-23 21:02:34,694 - INFO - loaded tokens from file
2023-11-23 21:02:35,236 - INFO - getting image from: http://136.169.144.8/1537240875/tracks-v1/index.fmp4.m3u8?token=4665d7ea45004c27b4a65cfaac9448cb
2023-11-23 21:08:09,943 - INFO - starting detection
2023-11-23 21:08:09,944 - INFO - starting get_image()
2023-11-23 21:08:09,944 - INFO - loaded tokens from file
2023-11-23 21:08:10,131 - INFO - loaded tokens from file
2023-11-23 21:08:10,658 - INFO - getting image from: http://136.169.144.8/1537240875/tracks-v1/index.fmp4.m3u8?token=4665d7ea45004c27b4a65cfaac9448cb
2023-11-23 21:08:11,327 - INFO - getting image from: http://136.169.144.3/1549021886/tracks-v1/index.fmp4.m3u8?token=64d03ff8c1a34b64a765e8f4da2d9178
2023-11-23 21:08:11,413 - INFO - get_image() -> True
2023-11-23 21:08:11,416 - INFO - status = ok
2023-11-23 21:08:11,416 - INFO - starting detection via YOLO
2023-11-23 21:10:43,278 - INFO - starting detection
2023-11-23 21:10:43,279 - INFO - starting get_image()
2023-11-23 21:10:43,279 - INFO - loaded tokens from file
2023-11-23 21:10:43,464 - INFO - loaded tokens from file
2023-11-23 21:10:43,994 - INFO - getting image from: http://136.169.144.8/1537240875/tracks-v1/index.fmp4.m3u8?token=4665d7ea45004c27b4a65cfaac9448cb
2023-11-23 21:10:44,601 - INFO - getting image from: http://136.169.144.3/1549021886/tracks-v1/index.fmp4.m3u8?token=64d03ff8c1a34b64a765e8f4da2d9178
2023-11-23 21:10:44,693 - INFO - get_image() -> True
2023-11-23 21:10:44,696 - INFO - status = ok
2023-11-23 21:10:44,696 - INFO - starting detection via YOLO
2023-11-23 21:10:48,950 - INFO - check_boxes() started
2023-11-23 21:10:48,953 - INFO - got parking coords
2023-11-23 21:10:48,958 - INFO - created result.jpg file
2023-11-23 21:10:49,051 - INFO - checking parking slots and cars
2023-11-23 21:10:49,437 - INFO - done checking
2023-11-23 21:10:49,478 - INFO - saved drawings to result.jpg
2023-11-23 21:10:49,479 - INFO - check_boxes() -> data
2023-11-23 21:10:49,479 - INFO - detection end, returned status, data
2023-11-23 21:10:52,130 - INFO - starting detection
2023-11-23 21:10:52,140 - INFO - starting get_image()
2023-11-23 21:10:52,179 - INFO - loaded tokens from file
2023-11-23 21:10:52,400 - INFO - loaded tokens from file
2023-11-23 21:10:53,000 - INFO - getting image from: http://136.169.144.8/1537240875/tracks-v1/index.fmp4.m3u8?token=4665d7ea45004c27b4a65cfaac9448cb
2023-11-23 21:17:40,246 - INFO - starting detection
2023-11-23 21:17:40,247 - INFO - starting get_image()
2023-11-23 21:17:40,247 - INFO - loaded tokens from file
2023-11-23 21:17:40,451 - INFO - loaded tokens from file
2023-11-23 21:17:40,998 - INFO - getting image from: http://136.169.144.8/1537240875/tracks-v1/index.fmp4.m3u8?token=4665d7ea45004c27b4a65cfaac9448cb
2023-11-23 21:17:41,622 - INFO - getting image from: http://136.169.144.3/1549021886/tracks-v1/index.fmp4.m3u8?token=64d03ff8c1a34b64a765e8f4da2d9178
2023-11-23 21:17:41,712 - INFO - get_image() -> True
2023-11-23 21:17:41,716 - INFO - status = ok
2023-11-23 21:17:41,716 - INFO - starting detection via YOLO
2023-11-23 21:17:49,616 - INFO - check_boxes() started
2023-11-23 21:17:49,625 - INFO - got parking coords
2023-11-23 21:17:49,642 - INFO - created result.jpg file
2023-11-23 21:17:49,765 - INFO - checking parking slots and cars
2023-11-23 21:17:50,088 - INFO - done checking
2023-11-23 21:17:50,128 - INFO - saved drawings to result.jpg
2023-11-23 21:17:50,129 - INFO - check_boxes() -> data
2023-11-23 21:17:50,129 - INFO - detection end, returned status, data
2023-11-23 21:18:54,011 - INFO - starting detection
2023-11-23 21:18:54,016 - INFO - starting get_image()
2023-11-23 21:18:54,047 - INFO - loaded tokens from file
2023-11-23 21:18:54,272 - INFO - loaded tokens from file
2023-11-23 21:18:54,811 - INFO - getting image from: http://136.169.144.8/1537240875/tracks-v1/index.fmp4.m3u8?token=4665d7ea45004c27b4a65cfaac9448cb
2023-11-23 21:19:41,995 - INFO - starting detection
2023-11-23 21:19:41,996 - INFO - starting get_image()
2023-11-23 21:19:41,997 - INFO - loaded tokens from file
2023-11-23 21:19:42,177 - INFO - loaded tokens from file
2023-11-23 21:19:42,747 - INFO - getting image from: http://136.169.144.8/1537240875/tracks-v1/index.fmp4.m3u8?token=4665d7ea45004c27b4a65cfaac9448cb
2023-11-23 21:19:43,370 - INFO - getting image from: http://136.169.144.3/1549021886/tracks-v1/index.fmp4.m3u8?token=64d03ff8c1a34b64a765e8f4da2d9178
2023-11-23 21:19:43,456 - INFO - get_image() -> True
2023-11-23 21:19:43,458 - INFO - status = ok
2023-11-23 21:19:43,459 - INFO - starting detection via YOLO
2023-11-23 21:19:51,729 - INFO - check_boxes() started
2023-11-23 21:19:51,737 - INFO - got parking coords
2023-11-23 21:19:51,756 - INFO - created result.jpg file
2023-11-23 21:19:51,893 - INFO - checking parking slots and cars
2023-11-23 21:19:52,267 - INFO - done checking
2023-11-23 21:19:52,315 - INFO - saved drawings to result.jpg
2023-11-23 21:19:52,316 - INFO - check_boxes() -> data
2023-11-23 21:19:52,316 - INFO - detection end, returned status, data
2023-11-23 21:21:27,584 - INFO - starting detection
2023-11-23 21:21:27,587 - INFO - starting get_image()
2023-11-23 21:21:27,597 - INFO - loaded tokens from file
2023-11-23 21:21:27,869 - INFO - loaded tokens from file
2023-11-23 21:21:28,433 - INFO - getting image from: http://136.169.144.8/1537240875/tracks-v1/index.fmp4.m3u8?token=4665d7ea45004c27b4a65cfaac9448cb
2023-11-23 21:23:33,031 - INFO - starting detection
2023-11-23 21:23:33,032 - INFO - starting get_image()
2023-11-23 21:23:33,032 - INFO - loaded tokens from file
2023-11-23 21:23:33,211 - INFO - loaded tokens from file
2023-11-23 21:23:33,741 - INFO - getting image from: http://136.169.144.8/1537240875/tracks-v1/index.fmp4.m3u8?token=4665d7ea45004c27b4a65cfaac9448cb
2023-11-23 21:23:34,359 - INFO - getting image from: http://136.169.144.3/1549021886/tracks-v1/index.fmp4.m3u8?token=64d03ff8c1a34b64a765e8f4da2d9178
2023-11-23 21:23:34,449 - INFO - get_image() -> True
2023-11-23 21:23:34,451 - INFO - status = ok
2023-11-23 21:23:34,451 - INFO - starting detection via YOLO
2023-11-23 21:23:37,743 - INFO - check_boxes() started
2023-11-23 21:23:37,748 - INFO - got parking coords
2023-11-23 21:23:37,757 - INFO - created result.jpg file
2023-11-23 21:23:37,918 - INFO - checking parking slots and cars
2023-11-23 21:23:38,253 - INFO - done checking
2023-11-23 21:23:38,289 - INFO - saved drawings to result.jpg
2023-11-23 21:23:38,290 - INFO - check_boxes() -> data
2023-11-23 21:23:38,291 - INFO - detection end, returned status, data
2023-11-23 21:24:11,509 - INFO - starting detection
2023-11-23 21:24:11,525 - INFO - starting get_image()
2023-11-23 21:24:11,578 - INFO - loaded tokens from file
2023-11-23 21:24:12,078 - INFO - loaded tokens from file
2023-11-23 22:00:22,489 - INFO - starting detection
2023-11-23 22:00:22,490 - INFO - starting get_image()
2023-11-23 22:00:22,490 - INFO - loaded tokens from file
2023-11-23 22:00:22,679 - INFO - loaded tokens from file
2023-11-23 22:00:23,503 - INFO - getting image from: http://136.169.144.8/1537240875/tracks-v1/index.fmp4.m3u8?token=35d1ec75902b42bbac2e3de686efaa96
2023-11-23 22:00:24,189 - INFO - getting image from: http://136.169.144.3/1549021886/tracks-v1/index.fmp4.m3u8?token=9eb42eb54e854242a98f86a6415c31e3
2023-11-23 22:00:24,281 - INFO - get_image() -> True
2023-11-23 22:00:24,282 - INFO - status = ok
2023-11-23 22:00:24,282 - INFO - starting detection via YOLO
2023-11-23 22:00:26,408 - INFO - check_boxes() started
2023-11-23 22:00:26,408 - INFO - got parking coords
2023-11-23 22:00:26,410 - INFO - created result.jpg file
2023-11-23 22:00:26,432 - INFO - checking parking slots and cars
2023-11-23 22:00:26,434 - INFO - done checking
2023-11-23 22:00:26,447 - INFO - saved drawings to result.jpg
2023-11-23 22:00:26,448 - INFO - check_boxes() -> data
2023-11-23 22:00:26,448 - INFO - detection end, returned status, data
2023-11-23 22:00:29,066 - INFO - starting detection
2023-11-23 22:00:29,066 - INFO - starting get_image()
2023-11-23 22:00:29,066 - INFO - loaded tokens from file
2023-11-23 22:00:29,230 - INFO - loaded tokens from file
2023-11-23 22:00:30,007 - INFO - getting image from: http://136.169.144.8/1537240875/tracks-v1/index.fmp4.m3u8?token=35d1ec75902b42bbac2e3de686efaa96
2023-11-23 22:00:30,678 - INFO - getting image from: http://136.169.144.3/1549021886/tracks-v1/index.fmp4.m3u8?token=9eb42eb54e854242a98f86a6415c31e3
2023-11-23 22:00:30,752 - INFO - get_image() -> True
2023-11-23 22:00:30,754 - INFO - status = ok
2023-11-23 22:00:30,754 - INFO - starting detection via YOLO
2023-11-23 22:00:31,234 - INFO - check_boxes() started
2023-11-23 22:00:31,234 - INFO - got parking coords
2023-11-23 22:00:31,235 - INFO - created result.jpg file
2023-11-23 22:00:31,253 - INFO - checking parking slots and cars
2023-11-23 22:00:31,254 - INFO - done checking
2023-11-23 22:00:31,272 - INFO - saved drawings to result.jpg
2023-11-23 22:00:31,272 - INFO - check_boxes() -> data
2023-11-23 22:00:31,272 - INFO - detection end, returned status, data
2023-11-23 22:00:38,661 - INFO - starting detection
2023-11-23 22:00:38,661 - INFO - starting get_image()
2023-11-23 22:00:38,661 - INFO - loaded tokens from file
2023-11-23 22:00:38,825 - INFO - loaded tokens from file
2023-11-23 22:00:39,342 - INFO - getting image from: http://136.169.144.8/1537240875/tracks-v1/index.fmp4.m3u8?token=35d1ec75902b42bbac2e3de686efaa96
2023-11-23 22:00:39,950 - INFO - getting image from: http://136.169.144.3/1549021886/tracks-v1/index.fmp4.m3u8?token=9eb42eb54e854242a98f86a6415c31e3
2023-11-23 22:00:40,021 - INFO - get_image() -> True
2023-11-23 22:00:40,022 - INFO - status = ok
2023-11-23 22:00:40,022 - INFO - starting detection via YOLO
2023-11-23 22:00:40,496 - INFO - check_boxes() started
2023-11-23 22:00:40,496 - INFO - got parking coords
2023-11-23 22:00:40,497 - INFO - created result.jpg file
2023-11-23 22:00:40,517 - INFO - checking parking slots and cars
2023-11-23 22:00:40,518 - INFO - done checking
2023-11-23 22:00:40,531 - INFO - saved drawings to result.jpg
2023-11-23 22:00:40,532 - INFO - check_boxes() -> data
2023-11-23 22:00:40,532 - INFO - detection end, returned status, data
2023-11-23 22:00:50,384 - INFO - starting detection
2023-11-23 22:00:50,384 - INFO - starting get_image()
2023-11-23 22:00:50,385 - INFO - loaded tokens from file
2023-11-23 22:00:50,548 - INFO - loaded tokens from file
2023-11-23 22:00:51,047 - INFO - getting image from: http://136.169.144.8/1537240875/tracks-v1/index.fmp4.m3u8?token=35d1ec75902b42bbac2e3de686efaa96
2023-11-23 22:00:51,647 - INFO - getting image from: http://136.169.144.3/1549021886/tracks-v1/index.fmp4.m3u8?token=9eb42eb54e854242a98f86a6415c31e3
2023-11-23 22:00:51,721 - INFO - get_image() -> True
2023-11-23 22:00:51,721 - INFO - status = ok
2023-11-23 22:00:51,722 - INFO - starting detection via YOLO
2023-11-23 22:00:52,215 - INFO - check_boxes() started
2023-11-23 22:00:52,215 - INFO - got parking coords
2023-11-23 22:00:52,217 - INFO - created result.jpg file
2023-11-23 22:00:52,252 - INFO - checking parking slots and cars
2023-11-23 22:00:52,253 - INFO - done checking
2023-11-23 22:00:52,276 - INFO - saved drawings to result.jpg
2023-11-23 22:00:52,276 - INFO - check_boxes() -> data
2023-11-23 22:00:52,276 - INFO - detection end, returned status, data
2023-11-24 02:02:10,628 - INFO - starting detection
2023-11-24 02:02:10,630 - INFO - starting get_image()
2023-11-24 02:02:10,631 - INFO - loaded tokens from file
2023-11-24 02:02:10,737 - INFO - unsuccessful request, attempting to update tokens
2023-11-24 02:02:10,737 - INFO - writing tokens to file
2023-11-24 02:02:10,737 - INFO - get_tokens() started
2023-11-24 02:02:12,791 - INFO - driver created
2023-11-24 02:02:15,678 - INFO - waiting for element
2023-11-24 02:02:17,214 - INFO - driver closed
2023-11-24 02:02:17,299 - INFO - got token
2023-11-24 02:02:18,067 - INFO - driver created
2023-11-24 02:02:20,290 - INFO - waiting for element
2023-11-24 02:02:21,892 - INFO - driver closed
2023-11-24 02:02:21,934 - INFO - got token
2023-11-24 02:02:21,934 - INFO - got tokens: {1: 'f2852107e3c542ec8549d580ea009a08', 2: 'd2e92a3239e346b9a93f56d28463260d'}
2023-11-24 02:02:21,948 - INFO - update_cfg() -> True
2023-11-24 02:02:21,948 - INFO - successfully updated tokens
2023-11-24 02:02:21,948 - INFO - loaded tokens from file
2023-11-24 02:02:22,610 - INFO - getting image from: http://136.169.144.8/1537240875/tracks-v1/index.fmp4.m3u8?token=f2852107e3c542ec8549d580ea009a08
2023-11-24 02:02:23,421 - INFO - getting image from: http://136.169.144.3/1549021886/tracks-v1/index.fmp4.m3u8?token=d2e92a3239e346b9a93f56d28463260d
2023-11-24 02:02:23,581 - INFO - get_image() -> True
2023-11-24 02:02:23,588 - INFO - status = ok
2023-11-24 02:02:23,588 - INFO - starting detection via YOLO
2023-11-24 02:02:27,351 - INFO - check_boxes() started
2023-11-24 02:02:27,351 - INFO - got parking coords
2023-11-24 02:02:27,357 - INFO - created result.jpg file
2023-11-24 02:02:27,450 - INFO - checking parking slots and cars
2023-11-24 02:02:27,460 - INFO - done checking
2023-11-24 02:02:27,503 - INFO - saved drawings to result.jpg
2023-11-24 02:02:27,503 - INFO - check_boxes() -> data
2023-11-24 02:02:27,510 - INFO - detection end, returned status, data
2023-11-24 02:02:41,214 - INFO - starting detection
2023-11-24 02:02:41,214 - INFO - starting get_image()
2023-11-24 02:02:41,214 - INFO - loaded tokens from file
2023-11-24 02:02:41,384 - INFO - loaded tokens from file
2023-11-24 02:02:42,094 - INFO - getting image from: http://136.169.144.8/1537240875/tracks-v1/index.fmp4.m3u8?token=f2852107e3c542ec8549d580ea009a08
2023-11-24 02:02:42,911 - INFO - getting image from: http://136.169.144.3/1549021886/tracks-v1/index.fmp4.m3u8?token=d2e92a3239e346b9a93f56d28463260d
2023-11-24 02:02:43,046 - INFO - get_image() -> True
2023-11-24 02:02:43,047 - INFO - status = ok
2023-11-24 02:02:43,047 - INFO - starting detection via YOLO
2023-11-24 02:02:44,029 - INFO - check_boxes() started
2023-11-24 02:02:44,029 - INFO - got parking coords
2023-11-24 02:02:44,031 - INFO - created result.jpg file
2023-11-24 02:02:44,130 - INFO - checking parking slots and cars
2023-11-24 02:02:44,135 - INFO - done checking
2023-11-24 02:02:44,188 - INFO - saved drawings to result.jpg
2023-11-24 02:02:44,188 - INFO - check_boxes() -> data
2023-11-24 02:02:44,188 - INFO - detection end, returned status, data
2023-11-24 09:36:38,772 - INFO - starting detection
2023-11-24 09:36:38,772 - INFO - starting get_image()
2023-11-24 09:36:38,772 - INFO - loaded tokens from file
2023-11-24 09:36:38,867 - INFO - unsuccessful request, attempting to update tokens
2023-11-24 09:36:38,867 - INFO - writing tokens to file
2023-11-24 09:36:38,867 - INFO - get_tokens() started
2023-11-24 09:36:39,808 - INFO - driver created
2023-11-24 09:36:41,297 - INFO - waiting for element
2023-11-24 09:36:42,924 - INFO - driver closed
2023-11-24 09:36:42,957 - INFO - got token
2023-11-24 09:36:43,272 - INFO - driver created
2023-11-24 09:36:44,493 - INFO - waiting for element
2023-11-24 09:36:46,068 - INFO - driver closed
2023-11-24 09:36:46,092 - INFO - got token
2023-11-24 09:36:46,092 - INFO - got tokens: {1: '1d418db07fe4454bbdf2bb3ba97189c1', 2: '51345f458ff846fd9c484f8c45478cff'}
2023-11-24 09:36:46,097 - INFO - update_cfg() -> True
2023-11-24 09:36:46,097 - INFO - successfully updated tokens
2023-11-24 09:36:46,098 - INFO - loaded tokens from file
2023-11-24 09:36:46,671 - INFO - getting image from: http://136.169.144.8/1537240875/tracks-v1/index.fmp4.m3u8?token=1d418db07fe4454bbdf2bb3ba97189c1
2023-11-24 09:36:47,294 - INFO - getting image from: http://136.169.144.3/1549021886/tracks-v1/index.fmp4.m3u8?token=51345f458ff846fd9c484f8c45478cff
2023-11-24 09:36:47,371 - INFO - get_image() -> True
2023-11-24 09:36:47,374 - INFO - status = ok
2023-11-24 09:36:47,374 - INFO - starting detection via YOLO
2023-11-24 09:36:49,476 - INFO - check_boxes() started
2023-11-24 09:36:49,476 - INFO - got parking coords
2023-11-24 09:36:49,479 - INFO - created result.jpg file
2023-11-24 09:36:49,529 - INFO - checking parking slots and cars
2023-11-24 09:36:49,532 - INFO - done checking
2023-11-24 09:36:49,558 - INFO - saved drawings to result.jpg
2023-11-24 09:36:49,558 - INFO - check_boxes() -> data
2023-11-24 09:36:49,559 - INFO - detection end, returned status, data
2023-11-24 09:37:00,634 - INFO - starting detection
2023-11-24 09:37:00,635 - INFO - starting get_image()
2023-11-24 09:37:00,635 - INFO - loaded tokens from file
2023-11-24 09:37:00,800 - INFO - loaded tokens from file
2023-11-24 09:37:01,397 - INFO - getting image from: http://136.169.144.8/1537240875/tracks-v1/index.fmp4.m3u8?token=1d418db07fe4454bbdf2bb3ba97189c1
2023-11-24 09:37:02,013 - INFO - getting image from: http://136.169.144.3/1549021886/tracks-v1/index.fmp4.m3u8?token=51345f458ff846fd9c484f8c45478cff
2023-11-24 09:37:02,092 - INFO - get_image() -> True
2023-11-24 09:37:02,093 - INFO - status = ok
2023-11-24 09:37:02,093 - INFO - starting detection via YOLO
2023-11-24 09:37:02,578 - INFO - check_boxes() started
2023-11-24 09:37:02,578 - INFO - got parking coords
2023-11-24 09:37:02,579 - INFO - created result.jpg file
2023-11-24 09:37:02,598 - INFO - checking parking slots and cars
2023-11-24 09:37:02,599 - INFO - done checking
2023-11-24 09:37:02,613 - INFO - saved drawings to result.jpg
2023-11-24 09:37:02,613 - INFO - check_boxes() -> data
2023-11-24 09:37:02,613 - INFO - detection end, returned status, data
2023-11-24 09:37:07,244 - INFO - starting detection
2023-11-24 09:37:07,244 - INFO - starting get_image()
2023-11-24 09:37:07,244 - INFO - loaded tokens from file
2023-11-24 09:37:07,408 - INFO - loaded tokens from file
2023-11-24 09:37:07,973 - INFO - getting image from: http://136.169.144.8/1537240875/tracks-v1/index.fmp4.m3u8?token=1d418db07fe4454bbdf2bb3ba97189c1
2023-11-24 09:37:08,567 - INFO - getting image from: http://136.169.144.3/1549021886/tracks-v1/index.fmp4.m3u8?token=51345f458ff846fd9c484f8c45478cff
2023-11-24 09:37:08,645 - INFO - get_image() -> True
2023-11-24 09:37:08,646 - INFO - status = ok
2023-11-24 09:37:08,646 - INFO - starting detection via YOLO
2023-11-24 09:37:09,128 - INFO - check_boxes() started
2023-11-24 09:37:09,129 - INFO - got parking coords
2023-11-24 09:37:09,131 - INFO - created result.jpg file
2023-11-24 09:37:09,171 - INFO - checking parking slots and cars
2023-11-24 09:37:09,172 - INFO - done checking
2023-11-24 09:37:09,204 - INFO - saved drawings to result.jpg
2023-11-24 09:37:09,205 - INFO - check_boxes() -> data
2023-11-24 09:37:09,205 - INFO - detection end, returned status, data
2023-11-24 12:23:44,495 - ERROR - Exception during reset or similar
Traceback (most recent call last):
  File "/usr/local/lib/python3.8/dist-packages/sqlalchemy/pool/base.py", line 988, in _finalize_fairy
    fairy._reset(
  File "/usr/local/lib/python3.8/dist-packages/sqlalchemy/pool/base.py", line 1438, in _reset
    pool._dialect.do_rollback(self)
  File "/usr/local/lib/python3.8/dist-packages/sqlalchemy/engine/default.py", line 692, in do_rollback
    dbapi_connection.rollback()
  File "/usr/local/lib/python3.8/dist-packages/mysql/connector/connection.py", line 859, in rollback
    self._execute_query("ROLLBACK")
  File "/usr/local/lib/python3.8/dist-packages/mysql/connector/connection.py", line 871, in _execute_query
    self.cmd_query(query)
  File "/usr/local/lib/python3.8/dist-packages/mysql/connector/connection.py", line 490, in cmd_query
    result = self._handle_result(self._send_cmd(ServerCmd.QUERY, query))
  File "/usr/local/lib/python3.8/dist-packages/mysql/connector/connection.py", line 395, in _handle_result
    raise errors.get_exception(packet)
mysql.connector.errors.DatabaseError: 4031 (HY000): The client was disconnected by the server because of inactivity. See wait_timeout and interactive_timeout for configuring this behavior.
2023-11-24 12:23:48,022 - INFO - starting detection
2023-11-24 12:23:48,022 - INFO - starting get_image()
2023-11-24 12:23:48,022 - INFO - loaded tokens from file
2023-11-24 12:23:48,762 - INFO - unsuccessful request, attempting to update tokens
2023-11-24 12:23:48,763 - INFO - writing tokens to file
2023-11-24 12:23:48,763 - INFO - get_tokens() started
2023-11-24 12:23:49,675 - INFO - driver created
2023-11-24 12:23:50,721 - INFO - waiting for element
2023-11-24 12:23:52,348 - INFO - driver closed
2023-11-24 12:23:52,370 - INFO - got token
2023-11-24 12:23:52,669 - INFO - driver created
2023-11-24 12:23:53,794 - INFO - waiting for element
2023-11-24 12:23:54,971 - INFO - driver closed
2023-11-24 12:23:54,994 - INFO - got token
2023-11-24 12:23:54,994 - INFO - got tokens: {1: 'd12e6d0d8e574b0284afb852729332b2', 2: '197567ff61b945c7a2f822290105c72c'}
2023-11-24 12:23:54,999 - INFO - update_cfg() -> True
2023-11-24 12:23:54,999 - INFO - successfully updated tokens
2023-11-24 12:23:54,999 - INFO - loaded tokens from file
2023-11-24 12:23:55,490 - INFO - getting image from: http://136.169.144.8/1537240875/tracks-v1/index.fmp4.m3u8?token=d12e6d0d8e574b0284afb852729332b2
2023-11-24 12:23:56,075 - INFO - getting image from: http://136.169.144.3/1549021886/tracks-v1/index.fmp4.m3u8?token=197567ff61b945c7a2f822290105c72c
2023-11-24 12:23:56,157 - INFO - get_image() -> True
2023-11-24 12:23:56,159 - INFO - status = ok
2023-11-24 12:23:56,159 - INFO - starting detection via YOLO
2023-11-24 12:23:58,281 - INFO - check_boxes() started
2023-11-24 12:23:58,282 - INFO - got parking coords
2023-11-24 12:23:58,285 - INFO - created result.jpg file
2023-11-24 12:23:58,337 - INFO - checking parking slots and cars
2023-11-24 12:23:58,339 - INFO - done checking
2023-11-24 12:23:58,365 - INFO - saved drawings to result.jpg
2023-11-24 12:23:58,365 - INFO - check_boxes() -> data
2023-11-24 12:23:58,366 - INFO - detection end, returned status, data
2023-11-24 12:37:48,891 - ERROR - Exception during reset or similar
Traceback (most recent call last):
  File "/usr/local/lib/python3.8/dist-packages/sqlalchemy/pool/base.py", line 988, in _finalize_fairy
    fairy._reset(
  File "/usr/local/lib/python3.8/dist-packages/sqlalchemy/pool/base.py", line 1438, in _reset
    pool._dialect.do_rollback(self)
  File "/usr/local/lib/python3.8/dist-packages/sqlalchemy/engine/default.py", line 692, in do_rollback
    dbapi_connection.rollback()
  File "/usr/local/lib/python3.8/dist-packages/mysql/connector/connection.py", line 859, in rollback
    self._execute_query("ROLLBACK")
  File "/usr/local/lib/python3.8/dist-packages/mysql/connector/connection.py", line 871, in _execute_query
    self.cmd_query(query)
  File "/usr/local/lib/python3.8/dist-packages/mysql/connector/connection.py", line 490, in cmd_query
    result = self._handle_result(self._send_cmd(ServerCmd.QUERY, query))
  File "/usr/local/lib/python3.8/dist-packages/mysql/connector/connection.py", line 395, in _handle_result
    raise errors.get_exception(packet)
mysql.connector.errors.DatabaseError: 4031 (HY000): The client was disconnected by the server because of inactivity. See wait_timeout and interactive_timeout for configuring this behavior.
2023-11-24 12:38:13,803 - INFO - starting detection
2023-11-24 12:38:13,804 - INFO - starting get_image()
2023-11-24 12:38:13,804 - INFO - loaded tokens from file
2023-11-24 12:38:13,959 - INFO - loaded tokens from file
2023-11-24 12:38:14,445 - INFO - getting image from: http://136.169.144.8/1537240875/tracks-v1/index.fmp4.m3u8?token=d12e6d0d8e574b0284afb852729332b2
2023-11-24 12:38:15,040 - INFO - getting image from: http://136.169.144.3/1549021886/tracks-v1/index.fmp4.m3u8?token=197567ff61b945c7a2f822290105c72c
2023-11-24 12:38:15,124 - INFO - get_image() -> True
2023-11-24 12:38:15,126 - INFO - status = ok
2023-11-24 12:38:15,126 - INFO - starting detection via YOLO
2023-11-24 12:38:17,485 - INFO - check_boxes() started
2023-11-24 12:38:17,485 - INFO - got parking coords
2023-11-24 12:38:17,487 - INFO - created result.jpg file
2023-11-24 12:38:17,511 - INFO - checking parking slots and cars
2023-11-24 12:38:17,513 - INFO - done checking
2023-11-24 12:38:17,527 - INFO - saved drawings to result.jpg
2023-11-24 12:38:17,528 - INFO - check_boxes() -> data
2023-11-24 12:38:17,528 - INFO - detection end, returned status, data
2023-11-24 12:38:17,532 - INFO - starting detection
2023-11-24 12:38:17,532 - INFO - starting get_image()
2023-11-24 12:38:17,532 - INFO - loaded tokens from file
2023-11-24 12:38:17,665 - INFO - loaded tokens from file
2023-11-24 12:38:18,129 - INFO - getting image from: http://136.169.144.8/1537240875/tracks-v1/index.fmp4.m3u8?token=d12e6d0d8e574b0284afb852729332b2
2023-11-24 12:38:18,683 - INFO - getting image from: http://136.169.144.3/1549021886/tracks-v1/index.fmp4.m3u8?token=197567ff61b945c7a2f822290105c72c
2023-11-24 12:38:18,767 - INFO - get_image() -> True
2023-11-24 12:38:18,768 - INFO - status = ok
2023-11-24 12:38:18,768 - INFO - starting detection via YOLO
2023-11-24 12:38:19,430 - INFO - check_boxes() started
2023-11-24 12:38:19,430 - INFO - got parking coords
2023-11-24 12:38:19,432 - INFO - created result.jpg file
2023-11-24 12:38:19,472 - INFO - checking parking slots and cars
2023-11-24 12:38:19,473 - INFO - done checking
2023-11-24 12:38:19,500 - INFO - saved drawings to result.jpg
2023-11-24 12:38:19,500 - INFO - check_boxes() -> data
2023-11-24 12:38:19,500 - INFO - detection end, returned status, data
